{
  "stats": {
    "suites": 1,
    "tests": 2,
    "passes": 2,
    "pending": 0,
    "failures": 0,
    "start": "2021-07-25T07:29:52.311Z",
    "end": "2021-07-25T07:29:52.316Z",
    "duration": 5,
    "testsRegistered": 2,
    "passPercent": 100,
    "pendingPercent": 0,
    "other": 0,
    "hasOther": false,
    "skipped": 0,
    "hasSkipped": false
  },
  "results": [
    {
      "uuid": "3986e030-4f66-4e4a-bdf0-368df9adb2b0",
      "title": "",
      "fullFile": "",
      "file": "",
      "beforeHooks": [],
      "afterHooks": [],
      "tests": [],
      "suites": [
        {
          "uuid": "a387b98b-4200-4223-bbb5-af3448dabab6",
          "title": "checkRoles()",
          "fullFile": "/Users/aldhanekaa/Documents/Dev/technonatura/technonatura-server/tests/index.test.ts",
          "file": "/tests/index.test.ts",
          "beforeHooks": [],
          "afterHooks": [],
          "tests": [
            {
              "title": "should return false if there isn't role inside permission",
              "fullTitle": "checkRoles() should return false if there isn't role inside permission",
              "timedOut": false,
              "duration": 1,
              "state": "passed",
              "speed": "fast",
              "pass": true,
              "fail": false,
              "pending": false,
              "context": null,
              "code": "chai_1.assert.isNotTrue(checkRoles_1.default(['admin', 'contributor'], 'unverified_user'));",
              "err": {},
              "uuid": "66cba0e5-0bac-47e6-a4df-ac54aca0105a",
              "parentUUID": "a387b98b-4200-4223-bbb5-af3448dabab6",
              "isHook": false,
              "skipped": false
            },
            {
              "title": "should return true if there is role inside permission",
              "fullTitle": "checkRoles() should return true if there is role inside permission",
              "timedOut": false,
              "duration": 0,
              "state": "passed",
              "speed": "fast",
              "pass": true,
              "fail": false,
              "pending": false,
              "context": null,
              "code": "// assert.isNotTrue(checkRoles(['author', 'owner'], ['unverfied_user']));\nchai_1.assert.isTrue(checkRoles_1.default(['admin', 'user'], 'user'));",
              "err": {},
              "uuid": "f7a028f3-25a4-49ad-b65a-d352e7d49205",
              "parentUUID": "a387b98b-4200-4223-bbb5-af3448dabab6",
              "isHook": false,
              "skipped": false
            }
          ],
          "suites": [],
          "passes": [
            "66cba0e5-0bac-47e6-a4df-ac54aca0105a",
            "f7a028f3-25a4-49ad-b65a-d352e7d49205"
          ],
          "failures": [],
          "pending": [],
          "skipped": [],
          "duration": 1,
          "root": false,
          "rootEmpty": false,
          "_timeout": 2000
        }
      ],
      "passes": [],
      "failures": [],
      "pending": [],
      "skipped": [],
      "duration": 0,
      "root": true,
      "rootEmpty": true,
      "_timeout": 2000
    }
  ],
  "meta": {
    "mocha": {
      "version": "9.0.0"
    },
    "mochawesome": {
      "options": {
        "quiet": false,
        "reportFilename": "mochawesome",
        "saveHtml": true,
        "saveJson": true,
        "consoleReporter": "spec",
        "useInlineDiffs": false,
        "code": true
      },
      "version": "6.2.2"
    },
    "marge": {
      "options": null,
      "version": "5.2.0"
    }
  }
}